offerwall_module/flutter_offerwall_module/.android/plugins_build_output/flutter_background_service_android/intermediates/manifest_merge_blame_file/release/manifest-merger-blame-release-report.txt
1<?xml version="1.0" encoding="utf-8"?>
2<manifest xmlns:android="http://schemas.android.com/apk/res/android"
3    package="id.flutter.flutter_background_service" >
4
5    <uses-sdk
6        android:minSdkVersion="21"
6-->src/main/AndroidManifest.xml
7        android:targetSdkVersion="21" />
7-->src/main/AndroidManifest.xml
8
9    <uses-permission android:name="android.permission.FOREGROUND_SERVICE" />
9-->src/main/AndroidManifest.xml:6:5-77
9-->src/main/AndroidManifest.xml:6:22-74
10    <uses-permission android:name="android.permission.RECEIVE_BOOT_COMPLETED" />
10-->src/main/AndroidManifest.xml:7:5-81
10-->src/main/AndroidManifest.xml:7:22-78
11    <uses-permission android:name="android.permission.WAKE_LOCK" />
11-->src/main/AndroidManifest.xml:8:5-68
11-->src/main/AndroidManifest.xml:8:22-65
12
13    <application>
13-->src/main/AndroidManifest.xml:11:5-40:19
14        <service
14-->src/main/AndroidManifest.xml:12:9-18:7
15            android:name="id.flutter.flutter_background_service.BackgroundService"
15-->src/main/AndroidManifest.xml:15:7-40
16            android:enabled="true"
16-->src/main/AndroidManifest.xml:13:7-29
17            android:exported="true"
17-->src/main/AndroidManifest.xml:14:7-30
18            android:foregroundServiceType="specialUse"
18-->src/main/AndroidManifest.xml:17:7-49
19            android:stopWithTask="false" />
19-->src/main/AndroidManifest.xml:16:7-35
20
21        <receiver
21-->src/main/AndroidManifest.xml:20:9-24:7
22            android:name="id.flutter.flutter_background_service.WatchdogReceiver"
22-->src/main/AndroidManifest.xml:21:7-39
23            android:enabled="true"
23-->src/main/AndroidManifest.xml:22:7-29
24            android:exported="true" />
24-->src/main/AndroidManifest.xml:23:7-30
25        <receiver
25-->src/main/AndroidManifest.xml:26:9-38:20
26            android:name="id.flutter.flutter_background_service.BootReceiver"
26-->src/main/AndroidManifest.xml:27:7-35
27            android:enabled="true"
27-->src/main/AndroidManifest.xml:28:7-29
28            android:exported="true" >
28-->src/main/AndroidManifest.xml:29:7-30
29            <intent-filter>
29-->src/main/AndroidManifest.xml:32:13-37:29
30                <action android:name="android.intent.action.BOOT_COMPLETED" />
30-->src/main/AndroidManifest.xml:33:17-79
30-->src/main/AndroidManifest.xml:33:25-76
31                <action android:name="android.intent.action.QUICKBOOT_POWERON" />
31-->src/main/AndroidManifest.xml:34:17-36:11
31-->src/main/AndroidManifest.xml:35:11-65
32            </intent-filter>
33        </receiver>
34    </application>
35
36</manifest>